Started GET "/" for 127.0.0.1 at 2018-04-19 13:23:22 -0400
  
ActiveRecord::PendingMigrationError (

Migrations are pending. To resolve this issue, run:

        bin/rails db:migrate RAILS_ENV=development

):
  
activerecord (5.1.6) lib/active_record/migration.rb:576:in `check_pending!'
activerecord (5.1.6) lib/active_record/migration.rb:553:in `call'
actionpack (5.1.6) lib/action_dispatch/middleware/callbacks.rb:26:in `block in call'
activesupport (5.1.6) lib/active_support/callbacks.rb:97:in `run_callbacks'
actionpack (5.1.6) lib/action_dispatch/middleware/callbacks.rb:24:in `call'
actionpack (5.1.6) lib/action_dispatch/middleware/executor.rb:12:in `call'
actionpack (5.1.6) lib/action_dispatch/middleware/debug_exceptions.rb:59:in `call'
web-console (3.6.1) lib/web_console/middleware.rb:135:in `call_app'
web-console (3.6.1) lib/web_console/middleware.rb:30:in `block in call'
web-console (3.6.1) lib/web_console/middleware.rb:20:in `catch'
web-console (3.6.1) lib/web_console/middleware.rb:20:in `call'
actionpack (5.1.6) lib/action_dispatch/middleware/show_exceptions.rb:31:in `call'
railties (5.1.6) lib/rails/rack/logger.rb:36:in `call_app'
railties (5.1.6) lib/rails/rack/logger.rb:24:in `block in call'
activesupport (5.1.6) lib/active_support/tagged_logging.rb:69:in `block in tagged'
activesupport (5.1.6) lib/active_support/tagged_logging.rb:26:in `tagged'
activesupport (5.1.6) lib/active_support/tagged_logging.rb:69:in `tagged'
railties (5.1.6) lib/rails/rack/logger.rb:24:in `call'
sprockets-rails (3.2.1) lib/sprockets/rails/quiet_assets.rb:13:in `call'
actionpack (5.1.6) lib/action_dispatch/middleware/remote_ip.rb:79:in `call'
actionpack (5.1.6) lib/action_dispatch/middleware/request_id.rb:25:in `call'
rack (2.0.4) lib/rack/method_override.rb:22:in `call'
rack (2.0.4) lib/rack/runtime.rb:22:in `call'
activesupport (5.1.6) lib/active_support/cache/strategy/local_cache_middleware.rb:27:in `call'
actionpack (5.1.6) lib/action_dispatch/middleware/executor.rb:12:in `call'
actionpack (5.1.6) lib/action_dispatch/middleware/static.rb:125:in `call'
rack (2.0.4) lib/rack/sendfile.rb:111:in `call'
railties (5.1.6) lib/rails/engine.rb:522:in `call'
puma (3.11.4) lib/puma/configuration.rb:225:in `call'
puma (3.11.4) lib/puma/server.rb:632:in `handle_request'
puma (3.11.4) lib/puma/server.rb:446:in `process_client'
puma (3.11.4) lib/puma/server.rb:306:in `block in run'
puma (3.11.4) lib/puma/thread_pool.rb:120:in `block in spawn_thread'
  [1m[35m (0.1ms)[0m  [1m[34mSELECT sqlite_version(*)[0m
  [1m[35m (6.3ms)[0m  [1m[35mCREATE TABLE "schema_migrations" ("version" varchar NOT NULL PRIMARY KEY)[0m
  [1m[35m (5.2ms)[0m  [1m[35mCREATE TABLE "ar_internal_metadata" ("key" varchar NOT NULL PRIMARY KEY, "value" varchar, "created_at" datetime NOT NULL, "updated_at" datetime NOT NULL)[0m
  [1m[35m (0.1ms)[0m  [1m[34mSELECT "schema_migrations"."version" FROM "schema_migrations" ORDER BY "schema_migrations"."version" ASC[0m
Migrating to CreateProducts (20180419142752)
  [1m[35m (0.0ms)[0m  [1m[36mbegin transaction[0m
  [1m[35m (0.3ms)[0m  [1m[35mCREATE TABLE "products" ("id" INTEGER PRIMARY KEY AUTOINCREMENT NOT NULL, "name" varchar, "description" text, "price_in_cents" integer, "created_at" datetime NOT NULL, "updated_at" datetime NOT NULL)[0m
  [1m[35mSQL (0.1ms)[0m  [1m[32mINSERT INTO "schema_migrations" ("version") VALUES (?)[0m  [["version", "20180419142752"]]
  [1m[35m (5.4ms)[0m  [1m[36mcommit transaction[0m
Migrating to CreateCustomers (20180419142944)
  [1m[35m (0.0ms)[0m  [1m[36mbegin transaction[0m
  [1m[35m (0.2ms)[0m  [1m[35mCREATE TABLE "customers" ("id" INTEGER PRIMARY KEY AUTOINCREMENT NOT NULL, "name" varchar, "address" text, "created_at" datetime NOT NULL, "updated_at" datetime NOT NULL)[0m
  [1m[35mSQL (0.1ms)[0m  [1m[32mINSERT INTO "schema_migrations" ("version") VALUES (?)[0m  [["version", "20180419142944"]]
  [1m[35m (5.4ms)[0m  [1m[36mcommit transaction[0m
Migrating to CreateReviews (20180419143229)
  [1m[35m (0.0ms)[0m  [1m[36mbegin transaction[0m
  [1m[35m (0.2ms)[0m  [1m[35mCREATE TABLE "reviews" ("id" INTEGER PRIMARY KEY AUTOINCREMENT NOT NULL, "customer_id" integer, "product_id" integer, "review" text, "created_at" datetime NOT NULL, "updated_at" datetime NOT NULL)[0m
  [1m[35mSQL (0.1ms)[0m  [1m[32mINSERT INTO "schema_migrations" ("version") VALUES (?)[0m  [["version", "20180419143229"]]
  [1m[35m (10.7ms)[0m  [1m[36mcommit transaction[0m
Migrating to AddColumnToProductsAndCustomers (20180419151952)
  [1m[35m (0.1ms)[0m  [1m[36mbegin transaction[0m
  [1m[35m (0.6ms)[0m  [1m[35mALTER TABLE "products" ADD "customer_id" integer[0m
  [1m[35m (0.4ms)[0m  [1m[35mALTER TABLE "customers" ADD "product_id" integer[0m
  [1m[35mSQL (0.3ms)[0m  [1m[32mINSERT INTO "schema_migrations" ("version") VALUES (?)[0m  [["version", "20180419151952"]]
  [1m[35m (4.3ms)[0m  [1m[36mcommit transaction[0m
  [1m[36mActiveRecord::InternalMetadata Load (0.3ms)[0m  [1m[34mSELECT  "ar_internal_metadata".* FROM "ar_internal_metadata" WHERE "ar_internal_metadata"."key" = ? LIMIT ?[0m  [["key", "environment"], ["LIMIT", 1]]
  [1m[35m (0.1ms)[0m  [1m[36mbegin transaction[0m
  [1m[35mSQL (0.5ms)[0m  [1m[32mINSERT INTO "ar_internal_metadata" ("key", "value", "created_at", "updated_at") VALUES (?, ?, ?, ?)[0m  [["key", "environment"], ["value", "development"], ["created_at", "2018-04-19 17:25:21.960637"], ["updated_at", "2018-04-19 17:25:21.960637"]]
  [1m[35m (4.4ms)[0m  [1m[36mcommit transaction[0m
  [1m[35m (0.2ms)[0m  [1m[34mSELECT "schema_migrations"."version" FROM "schema_migrations" ORDER BY "schema_migrations"."version" ASC[0m
Started GET "/" for 127.0.0.1 at 2018-04-19 13:25:31 -0400
  [1m[35m (0.2ms)[0m  [1m[34mSELECT "schema_migrations"."version" FROM "schema_migrations" ORDER BY "schema_migrations"."version" ASC[0m
Processing by ProductsController#index as HTML
  Rendering products/index.html.erb within layouts/application
  [1m[36mProduct Load (0.3ms)[0m  [1m[34mSELECT "products".* FROM "products"[0m
  Rendered products/index.html.erb within layouts/application (4.5ms)
Completed 200 OK in 1725ms (Views: 1701.8ms | ActiveRecord: 0.6ms)


Started GET "/products/new" for 127.0.0.1 at 2018-04-19 13:25:37 -0400
Processing by ProductsController#new as HTML
  Rendering products/new.html.erb within layouts/application
  Rendered products/_product_form.html.erb (12.3ms)
  Rendered products/new.html.erb within layouts/application (15.8ms)
Completed 500 Internal Server Error in 24ms (ActiveRecord: 0.0ms)


  
ActionView::Template::Error (undefined method `errors' for nil:NilClass):
    1: <% if a_product.errors.any? %> 
    2: <div id="error_explanation">
    3: 	<h2><%= pluralize(a_product.errors.count, "error") %> prohibited this product from being saved:</h2>
    4: 	<ul>
  
app/views/products/_product_form.html.erb:1:in `_app_views_products__product_form_html_erb__2956441613843441088_69849744057180'
app/views/products/new.html.erb:3:in `_app_views_products_new_html_erb___3690007109115230952_69849744047960'
Started GET "/" for 127.0.0.1 at 2018-04-19 13:27:58 -0400
Processing by ProductsController#index as HTML
  Rendering products/index.html.erb within layouts/application
  [1m[36mProduct Load (0.5ms)[0m  [1m[34mSELECT "products".* FROM "products"[0m
  Rendered products/index.html.erb within layouts/application (3.9ms)
Completed 200 OK in 95ms (Views: 90.3ms | ActiveRecord: 0.5ms)


Started GET "/products/new" for 127.0.0.1 at 2018-04-19 13:28:04 -0400
Processing by ProductsController#new as HTML
  Rendering products/new.html.erb within layouts/application
  Rendered products/_product_form.html.erb (8.3ms)
  Rendered products/new.html.erb within layouts/application (12.4ms)
Completed 500 Internal Server Error in 20ms (ActiveRecord: 0.0ms)


  
ActionView::Template::Error (undefined method `errors' for nil:NilClass):
    1: <% if a_product.errors.any? %> 
    2: <div id="error_explanation">
    3: 	<h2><%= pluralize(a_product.errors.count, "error") %> prohibited this product from being saved:</h2>
    4: 	<ul>
  
app/views/products/_product_form.html.erb:1:in `_app_views_products__product_form_html_erb__2956441613843441088_69849744446360'
app/views/products/new.html.erb:3:in `_app_views_products_new_html_erb___3690007109115230952_69849744487980'
Started GET "/" for 127.0.0.1 at 2018-04-19 13:28:09 -0400
Processing by ProductsController#index as HTML
  Rendering products/index.html.erb within layouts/application
  [1m[36mProduct Load (0.9ms)[0m  [1m[34mSELECT "products".* FROM "products"[0m
  Rendered products/index.html.erb within layouts/application (3.5ms)
Completed 200 OK in 62ms (Views: 57.3ms | ActiveRecord: 0.9ms)


Started GET "/" for 127.0.0.1 at 2018-04-19 13:30:49 -0400
  [1m[35m (0.2ms)[0m  [1m[34mSELECT "schema_migrations"."version" FROM "schema_migrations" ORDER BY "schema_migrations"."version" ASC[0m
Processing by ProductsController#index as HTML
  Rendering products/index.html.erb within layouts/application
  [1m[36mProduct Load (0.3ms)[0m  [1m[34mSELECT "products".* FROM "products"[0m
  Rendered products/index.html.erb within layouts/application (6.0ms)
Completed 200 OK in 217ms (Views: 194.4ms | ActiveRecord: 1.0ms)


Started GET "/" for 127.0.0.1 at 2018-04-19 13:30:51 -0400
Processing by ProductsController#index as HTML
  Rendering products/index.html.erb within layouts/application
  [1m[36mProduct Load (0.4ms)[0m  [1m[34mSELECT "products".* FROM "products"[0m
  Rendered products/index.html.erb within layouts/application (5.2ms)
Completed 200 OK in 55ms (Views: 50.8ms | ActiveRecord: 1.5ms)


Started GET "/products/new" for 127.0.0.1 at 2018-04-19 13:30:54 -0400
Processing by ProductsController#new as HTML
  Rendering products/new.html.erb within layouts/application
  Rendered products/_product_form.html.erb (42.3ms)
  Rendered products/new.html.erb within layouts/application (46.2ms)
Completed 200 OK in 116ms (Views: 91.9ms | ActiveRecord: 1.5ms)


Started POST "/products" for 127.0.0.1 at 2018-04-19 13:31:07 -0400
Processing by ProductsController#create as HTML
  Parameters: {"utf8"=>"✓", "authenticity_token"=>"8O14mIh32D4lcFyU9MQJpmLsbH3owhPLpu80rL7YpfeGow9dDNTNMKLsaF0TBF7orahO8aalFObb8lnlIUV5lg==", "product"=>{"name"=>"s", "description"=>"cool", "price_in_cents"=>"50"}, "commit"=>"Save"}
  [1m[35m (0.2ms)[0m  [1m[36mbegin transaction[0m
  [1m[35m (0.2ms)[0m  [1m[31mrollback transaction[0m
  Rendering products/new.html.erb within layouts/application
  Rendered products/_product_form.html.erb (7.6ms)
  Rendered products/new.html.erb within layouts/application (10.8ms)
Completed 200 OK in 108ms (Views: 101.0ms | ActiveRecord: 0.4ms)


Started POST "/products" for 127.0.0.1 at 2018-04-19 13:31:24 -0400
Processing by ProductsController#create as HTML
  Parameters: {"utf8"=>"✓", "authenticity_token"=>"kQrE5FU3QYXCe6N7l9KrjfrDPm1am3uDTMb3umtq/l6330Vcgyf7SHuZEZe5B+TQg7+OWgwdRNxw1diZRKbwtg==", "product"=>{"name"=>"shashike", "description"=>"cool", "price_in_cents"=>"50"}, "commit"=>"Save"}
  [1m[35m (0.2ms)[0m  [1m[36mbegin transaction[0m
  [1m[35mSQL (2.8ms)[0m  [1m[32mINSERT INTO "products" ("name", "description", "price_in_cents", "created_at", "updated_at") VALUES (?, ?, ?, ?, ?)[0m  [["name", "shashike"], ["description", "cool"], ["price_in_cents", 50], ["created_at", "2018-04-19 17:31:24.299841"], ["updated_at", "2018-04-19 17:31:24.299841"]]
  [1m[35m (4.7ms)[0m  [1m[36mcommit transaction[0m
Redirected to http://localhost:3000/products
Completed 302 Found in 20ms (ActiveRecord: 7.7ms)


Started GET "/products" for 127.0.0.1 at 2018-04-19 13:31:24 -0400
Processing by ProductsController#index as HTML
  Rendering products/index.html.erb within layouts/application
  [1m[36mProduct Load (0.5ms)[0m  [1m[34mSELECT "products".* FROM "products"[0m
  Rendered products/_single_product.html.erb (2.2ms)
  Rendered products/index.html.erb within layouts/application (11.5ms)
Completed 200 OK in 68ms (Views: 65.0ms | ActiveRecord: 0.5ms)


Started GET "/" for 127.0.0.1 at 2018-04-19 15:57:32 -0400
  [1m[35m (0.2ms)[0m  [1m[34mSELECT "schema_migrations"."version" FROM "schema_migrations" ORDER BY "schema_migrations"."version" ASC[0m
Processing by ProductsController#index as HTML
  Rendering products/index.html.erb within layouts/application
  [1m[36mProduct Load (0.6ms)[0m  [1m[34mSELECT "products".* FROM "products"[0m
  Rendered products/_single_product.html.erb (1.0ms)
  Rendered products/index.html.erb within layouts/application (13.8ms)
Completed 200 OK in 222ms (Views: 204.7ms | ActiveRecord: 1.4ms)


Started GET "/products/1" for 127.0.0.1 at 2018-04-19 15:57:38 -0400
Processing by ProductsController#show as HTML
  Parameters: {"id"=>"1"}
  [1m[36mProduct Load (0.6ms)[0m  [1m[34mSELECT  "products".* FROM "products" WHERE "products"."id" = ? LIMIT ?[0m  [["id", 1], ["LIMIT", 1]]
  Rendering products/show.html.erb within layouts/application
  Rendered products/_single_product.html.erb (2.3ms)
  Rendered reviews/_review_form.html.erb (26.2ms)
  [1m[36mReview Load (0.4ms)[0m  [1m[34mSELECT "reviews".* FROM "reviews" WHERE "reviews"."product_id" = ?[0m  [["product_id", 1]]
  Rendered products/show.html.erb within layouts/application (49.5ms)
Completed 200 OK in 156ms (Views: 81.7ms | ActiveRecord: 3.8ms)


Started POST "/products/1/reviews" for 127.0.0.1 at 2018-04-19 15:57:43 -0400
Processing by ReviewsController#create as HTML
  Parameters: {"utf8"=>"✓", "authenticity_token"=>"5fvd/rZC9xdTdqQ0vuD2fcAE/oDhF20NVihvgUZrvBsPnP/oHNfhgoKGrAg3MeXYzG0XUrZCHA9b55ndsoiTiQ==", "review"=>{"review"=>"test"}, "commit"=>"Save", "product_id"=>"1"}
  [1m[35m (0.2ms)[0m  [1m[36mbegin transaction[0m
  [1m[36mCustomer Load (0.4ms)[0m  [1m[34mSELECT  "customers".* FROM "customers" WHERE "customers"."id" = ? LIMIT ?[0m  [["id", 1], ["LIMIT", 1]]
  [1m[36mProduct Load (0.2ms)[0m  [1m[34mSELECT  "products".* FROM "products" WHERE "products"."id" = ? LIMIT ?[0m  [["id", 1], ["LIMIT", 1]]
  [1m[35m (0.2ms)[0m  [1m[31mrollback transaction[0m
Redirected to http://localhost:3000/products
Completed 302 Found in 42ms (ActiveRecord: 2.8ms)


Started GET "/products" for 127.0.0.1 at 2018-04-19 15:57:43 -0400
Processing by ProductsController#index as HTML
  Rendering products/index.html.erb within layouts/application
  [1m[36mProduct Load (0.3ms)[0m  [1m[34mSELECT "products".* FROM "products"[0m
  Rendered products/_single_product.html.erb (1.8ms)
  Rendered products/index.html.erb within layouts/application (6.3ms)
Completed 200 OK in 97ms (Views: 94.4ms | ActiveRecord: 0.3ms)


Started GET "/products/1" for 127.0.0.1 at 2018-04-19 15:57:47 -0400
Processing by ProductsController#show as HTML
  Parameters: {"id"=>"1"}
  [1m[36mProduct Load (0.5ms)[0m  [1m[34mSELECT  "products".* FROM "products" WHERE "products"."id" = ? LIMIT ?[0m  [["id", 1], ["LIMIT", 1]]
  Rendering products/show.html.erb within layouts/application
  Rendered products/_single_product.html.erb (3.2ms)
  Rendered reviews/_review_form.html.erb (4.3ms)
  [1m[36mReview Load (0.4ms)[0m  [1m[34mSELECT "reviews".* FROM "reviews" WHERE "reviews"."product_id" = ?[0m  [["product_id", 1]]
  Rendered products/show.html.erb within layouts/application (21.0ms)
Completed 200 OK in 94ms (Views: 87.5ms | ActiveRecord: 0.8ms)


Started GET "/products" for 127.0.0.1 at 2018-04-19 15:57:54 -0400
Processing by ProductsController#index as HTML
  Rendering products/index.html.erb within layouts/application
  [1m[36mProduct Load (1.0ms)[0m  [1m[34mSELECT "products".* FROM "products"[0m
  Rendered products/_single_product.html.erb (2.1ms)
  Rendered products/index.html.erb within layouts/application (10.8ms)
Completed 200 OK in 87ms (Views: 82.5ms | ActiveRecord: 1.0ms)


Started GET "/products/1" for 127.0.0.1 at 2018-04-19 15:57:59 -0400
Processing by ProductsController#show as HTML
  Parameters: {"id"=>"1"}
  [1m[36mProduct Load (0.3ms)[0m  [1m[34mSELECT  "products".* FROM "products" WHERE "products"."id" = ? LIMIT ?[0m  [["id", 1], ["LIMIT", 1]]
  Rendering products/show.html.erb within layouts/application
  Rendered products/_single_product.html.erb (2.5ms)
  Rendered reviews/_review_form.html.erb (4.0ms)
  [1m[36mReview Load (0.3ms)[0m  [1m[34mSELECT "reviews".* FROM "reviews" WHERE "reviews"."product_id" = ?[0m  [["product_id", 1]]
  Rendered products/show.html.erb within layouts/application (18.7ms)
Completed 200 OK in 131ms (Views: 124.6ms | ActiveRecord: 0.6ms)


Started GET "/products/1" for 127.0.0.1 at 2018-04-19 15:59:25 -0400
Processing by ProductsController#show as HTML
  Parameters: {"id"=>"1"}
  [1m[36mProduct Load (0.5ms)[0m  [1m[34mSELECT  "products".* FROM "products" WHERE "products"."id" = ? LIMIT ?[0m  [["id", 1], ["LIMIT", 1]]
  Rendering products/show.html.erb within layouts/application
  Rendered products/_single_product.html.erb (3.0ms)
  Rendered reviews/_review_form.html.erb (3.7ms)
  [1m[36mReview Load (0.6ms)[0m  [1m[34mSELECT "reviews".* FROM "reviews" WHERE "reviews"."product_id" = ?[0m  [["product_id", 1]]
  Rendered products/show.html.erb within layouts/application (21.7ms)
Completed 200 OK in 122ms (Views: 116.2ms | ActiveRecord: 1.1ms)


Started GET "/products.1" for 127.0.0.1 at 2018-04-19 15:59:27 -0400
Processing by ProductsController#index as 
  Rendering products/index.html.erb within layouts/application
  [1m[36mProduct Load (0.5ms)[0m  [1m[34mSELECT "products".* FROM "products"[0m
  Rendered products/_single_product.html.erb (3.0ms)
  Rendered products/index.html.erb within layouts/application (19.6ms)
Completed 200 OK in 113ms (Views: 100.9ms | ActiveRecord: 0.5ms)


Started GET "/products/new" for 127.0.0.1 at 2018-04-19 15:59:32 -0400
Processing by ProductsController#new as HTML
  Rendering products/new.html.erb within layouts/application
  Rendered products/_product_form.html.erb (14.4ms)
  Rendered products/new.html.erb within layouts/application (19.8ms)
Completed 200 OK in 123ms (Views: 117.8ms | ActiveRecord: 0.0ms)


Started GET "/products.1" for 127.0.0.1 at 2018-04-19 15:59:40 -0400
Processing by ProductsController#index as 
  Rendering products/index.html.erb within layouts/application
  [1m[36mProduct Load (0.5ms)[0m  [1m[34mSELECT "products".* FROM "products"[0m
  Rendered products/_single_product.html.erb (2.5ms)
  Rendered products/index.html.erb within layouts/application (18.4ms)
Completed 200 OK in 96ms (Views: 81.7ms | ActiveRecord: 0.5ms)


Started GET "/products/new" for 127.0.0.1 at 2018-04-19 15:59:46 -0400
Processing by ProductsController#new as HTML
  Rendering products/new.html.erb within layouts/application
  Rendered products/_product_form.html.erb (7.3ms)
  Rendered products/new.html.erb within layouts/application (12.0ms)
Completed 200 OK in 78ms (Views: 73.9ms | ActiveRecord: 0.0ms)


Started POST "/products" for 127.0.0.1 at 2018-04-19 16:00:04 -0400
Processing by ProductsController#create as HTML
  Parameters: {"utf8"=>"✓", "authenticity_token"=>"WTliMpnPIpHopZfHLicEW5hJOsV5i1f8oXYcPaMPlNNXy0T4gx348zkFFAhCHbH+L0wop725l3LHhgT59TE85A==", "product"=>{"name"=>"behram", "description"=>"hello", "price_in_cents"=>"100"}, "commit"=>"Save"}
  [1m[35m (0.2ms)[0m  [1m[36mbegin transaction[0m
  [1m[35mSQL (1.5ms)[0m  [1m[32mINSERT INTO "products" ("name", "description", "price_in_cents", "created_at", "updated_at") VALUES (?, ?, ?, ?, ?)[0m  [["name", "behram"], ["description", "hello"], ["price_in_cents", 100], ["created_at", "2018-04-19 20:00:04.992484"], ["updated_at", "2018-04-19 20:00:04.992484"]]
  [1m[35m (4.8ms)[0m  [1m[36mcommit transaction[0m
Redirected to http://localhost:3000/products/2
Completed 302 Found in 19ms (ActiveRecord: 6.5ms)


Started GET "/products/2" for 127.0.0.1 at 2018-04-19 16:00:05 -0400
Processing by ProductsController#show as HTML
  Parameters: {"id"=>"2"}
  [1m[36mProduct Load (0.4ms)[0m  [1m[34mSELECT  "products".* FROM "products" WHERE "products"."id" = ? LIMIT ?[0m  [["id", 2], ["LIMIT", 1]]
  Rendering products/show.html.erb within layouts/application
  Rendered products/_single_product.html.erb (1.8ms)
  Rendered reviews/_review_form.html.erb (3.7ms)
  [1m[36mReview Load (0.3ms)[0m  [1m[34mSELECT "reviews".* FROM "reviews" WHERE "reviews"."product_id" = ?[0m  [["product_id", 2]]
  Rendered products/show.html.erb within layouts/application (16.4ms)
Completed 200 OK in 77ms (Views: 71.1ms | ActiveRecord: 0.6ms)


Started GET "/products.2" for 127.0.0.1 at 2018-04-19 16:00:08 -0400
Processing by ProductsController#index as 
  Rendering products/index.html.erb within layouts/application
  [1m[36mProduct Load (0.6ms)[0m  [1m[34mSELECT "products".* FROM "products"[0m
  Rendered products/_single_product.html.erb (3.2ms)
  Rendered products/_single_product.html.erb (0.8ms)
  Rendered products/index.html.erb within layouts/application (31.2ms)
Completed 200 OK in 94ms (Views: 82.4ms | ActiveRecord: 0.6ms)


Started GET "/products/1" for 127.0.0.1 at 2018-04-19 16:00:28 -0400
Processing by ProductsController#show as HTML
  Parameters: {"id"=>"1"}
  [1m[36mProduct Load (0.5ms)[0m  [1m[34mSELECT  "products".* FROM "products" WHERE "products"."id" = ? LIMIT ?[0m  [["id", 1], ["LIMIT", 1]]
  Rendering products/show.html.erb within layouts/application
  Rendered products/_single_product.html.erb (2.7ms)
  Rendered reviews/_review_form.html.erb (3.8ms)
  [1m[36mReview Load (0.3ms)[0m  [1m[34mSELECT "reviews".* FROM "reviews" WHERE "reviews"."product_id" = ?[0m  [["product_id", 1]]
  Rendered products/show.html.erb within layouts/application (17.9ms)
Completed 200 OK in 82ms (Views: 75.9ms | ActiveRecord: 0.7ms)


Started GET "/products.1" for 127.0.0.1 at 2018-04-19 16:02:33 -0400
Processing by ProductsController#index as 
  Rendering products/index.html.erb within layouts/application
  [1m[36mProduct Load (0.7ms)[0m  [1m[34mSELECT "products".* FROM "products"[0m
  Rendered products/_single_product.html.erb (1.8ms)
  Rendered products/_single_product.html.erb (0.7ms)
  Rendered products/index.html.erb within layouts/application (27.1ms)
Completed 200 OK in 102ms (Views: 92.3ms | ActiveRecord: 0.7ms)


Started GET "/products/1" for 127.0.0.1 at 2018-04-19 16:02:37 -0400
Processing by ProductsController#show as HTML
  Parameters: {"id"=>"1"}
  [1m[36mProduct Load (0.4ms)[0m  [1m[34mSELECT  "products".* FROM "products" WHERE "products"."id" = ? LIMIT ?[0m  [["id", 1], ["LIMIT", 1]]
  Rendering products/show.html.erb within layouts/application
  Rendered products/_single_product.html.erb (2.0ms)
  Rendered reviews/_review_form.html.erb (4.0ms)
  [1m[36mReview Load (0.4ms)[0m  [1m[34mSELECT "reviews".* FROM "reviews" WHERE "reviews"."product_id" = ?[0m  [["product_id", 1]]
  Rendered products/show.html.erb within layouts/application (16.6ms)
Completed 200 OK in 80ms (Views: 73.4ms | ActiveRecord: 0.8ms)


Started GET "/products.1" for 127.0.0.1 at 2018-04-19 16:02:42 -0400
Processing by ProductsController#index as 
  Rendering products/index.html.erb within layouts/application
  [1m[36mProduct Load (0.8ms)[0m  [1m[34mSELECT "products".* FROM "products"[0m
  Rendered products/_single_product.html.erb (3.5ms)
  Rendered products/_single_product.html.erb (0.7ms)
  Rendered products/index.html.erb within layouts/application (32.7ms)
Completed 200 OK in 114ms (Views: 98.6ms | ActiveRecord: 0.8ms)


Started GET "/products/1" for 127.0.0.1 at 2018-04-19 16:02:43 -0400
Processing by ProductsController#show as HTML
  Parameters: {"id"=>"1"}
  [1m[36mProduct Load (0.3ms)[0m  [1m[34mSELECT  "products".* FROM "products" WHERE "products"."id" = ? LIMIT ?[0m  [["id", 1], ["LIMIT", 1]]
  Rendering products/show.html.erb within layouts/application
  Rendered products/_single_product.html.erb (2.5ms)
  Rendered reviews/_review_form.html.erb (2.8ms)
  [1m[36mReview Load (0.3ms)[0m  [1m[34mSELECT "reviews".* FROM "reviews" WHERE "reviews"."product_id" = ?[0m  [["product_id", 1]]
  Rendered products/show.html.erb within layouts/application (15.9ms)
Completed 200 OK in 85ms (Views: 80.0ms | ActiveRecord: 0.7ms)


Started GET "/products/1/edit" for 127.0.0.1 at 2018-04-19 16:02:46 -0400
Processing by ProductsController#edit as HTML
  Parameters: {"id"=>"1"}
  [1m[36mProduct Load (0.3ms)[0m  [1m[34mSELECT  "products".* FROM "products" WHERE "products"."id" = ? LIMIT ?[0m  [["id", 1], ["LIMIT", 1]]
  Rendering products/edit.html.erb within layouts/application
  Rendered products/_product_form.html.erb (8.6ms)
  Rendered products/edit.html.erb within layouts/application (12.0ms)
Completed 200 OK in 71ms (Views: 66.9ms | ActiveRecord: 0.3ms)


Started PATCH "/products/1" for 127.0.0.1 at 2018-04-19 16:02:59 -0400
Processing by ProductsController#update as HTML
  Parameters: {"utf8"=>"✓", "authenticity_token"=>"WL3f36NGfzjo4pMMXPmkrF38ajXGoNdHflX25xuqPBphL7vkkiklZA44vTA+rlxnb2WmhVtSPvZHqC86U4FA9A==", "product"=>{"name"=>"shashike mac", "description"=>"cool", "price_in_cents"=>"500"}, "commit"=>"Save", "id"=>"1"}
  [1m[36mProduct Load (0.3ms)[0m  [1m[34mSELECT  "products".* FROM "products" WHERE "products"."id" = ? LIMIT ?[0m  [["id", 1], ["LIMIT", 1]]
  [1m[35m (0.1ms)[0m  [1m[36mbegin transaction[0m
  [1m[35mSQL (1.9ms)[0m  [1m[33mUPDATE "products" SET "name" = ?, "price_in_cents" = ?, "updated_at" = ? WHERE "products"."id" = ?[0m  [["name", "shashike mac"], ["price_in_cents", 500], ["updated_at", "2018-04-19 20:02:59.768412"], ["id", 1]]
  [1m[35m (4.8ms)[0m  [1m[36mcommit transaction[0m
Redirected to http://localhost:3000/products/1
Completed 302 Found in 18ms (ActiveRecord: 7.1ms)


Started GET "/products/1" for 127.0.0.1 at 2018-04-19 16:02:59 -0400
Processing by ProductsController#show as HTML
  Parameters: {"id"=>"1"}
  [1m[36mProduct Load (0.4ms)[0m  [1m[34mSELECT  "products".* FROM "products" WHERE "products"."id" = ? LIMIT ?[0m  [["id", 1], ["LIMIT", 1]]
  Rendering products/show.html.erb within layouts/application
  Rendered products/_single_product.html.erb (2.3ms)
  Rendered reviews/_review_form.html.erb (5.1ms)
  [1m[36mReview Load (0.3ms)[0m  [1m[34mSELECT "reviews".* FROM "reviews" WHERE "reviews"."product_id" = ?[0m  [["product_id", 1]]
  Rendered products/show.html.erb within layouts/application (19.6ms)
Completed 200 OK in 84ms (Views: 77.3ms | ActiveRecord: 0.7ms)


Started GET "/products.1" for 127.0.0.1 at 2018-04-19 16:03:03 -0400
Processing by ProductsController#index as 
  Rendering products/index.html.erb within layouts/application
  [1m[36mProduct Load (0.6ms)[0m  [1m[34mSELECT "products".* FROM "products"[0m
  Rendered products/_single_product.html.erb (1.9ms)
  Rendered products/_single_product.html.erb (0.6ms)
  Rendered products/index.html.erb within layouts/application (27.7ms)
Completed 200 OK in 104ms (Views: 93.0ms | ActiveRecord: 0.6ms)


Started GET "/products/2" for 127.0.0.1 at 2018-04-19 16:03:05 -0400
Processing by ProductsController#show as HTML
  Parameters: {"id"=>"2"}
  [1m[36mProduct Load (0.3ms)[0m  [1m[34mSELECT  "products".* FROM "products" WHERE "products"."id" = ? LIMIT ?[0m  [["id", 2], ["LIMIT", 1]]
  Rendering products/show.html.erb within layouts/application
  Rendered products/_single_product.html.erb (2.1ms)
  Rendered reviews/_review_form.html.erb (4.7ms)
  [1m[36mReview Load (0.3ms)[0m  [1m[34mSELECT "reviews".* FROM "reviews" WHERE "reviews"."product_id" = ?[0m  [["product_id", 2]]
  Rendered products/show.html.erb within layouts/application (16.9ms)
Completed 200 OK in 78ms (Views: 72.7ms | ActiveRecord: 0.6ms)


Started GET "/products/2/edit" for 127.0.0.1 at 2018-04-19 16:03:07 -0400
Processing by ProductsController#edit as HTML
  Parameters: {"id"=>"2"}
  [1m[36mProduct Load (0.3ms)[0m  [1m[34mSELECT  "products".* FROM "products" WHERE "products"."id" = ? LIMIT ?[0m  [["id", 2], ["LIMIT", 1]]
  Rendering products/edit.html.erb within layouts/application
  Rendered products/_product_form.html.erb (10.0ms)
  Rendered products/edit.html.erb within layouts/application (14.4ms)
Completed 200 OK in 96ms (Views: 91.7ms | ActiveRecord: 0.3ms)


Started PATCH "/products/2" for 127.0.0.1 at 2018-04-19 16:03:12 -0400
Processing by ProductsController#update as HTML
  Parameters: {"utf8"=>"✓", "authenticity_token"=>"xjIxVu7SkhEhyt4S7+VwmdkjI56mb+sq5tx9Uqzg3i5Sih3PecwBPWumgAtYzcPUAUe9VgL0CpPkEJWybQUXPg==", "product"=>{"name"=>"behram laptop", "description"=>"hello", "price_in_cents"=>"100"}, "commit"=>"Save", "id"=>"2"}
  [1m[36mProduct Load (0.4ms)[0m  [1m[34mSELECT  "products".* FROM "products" WHERE "products"."id" = ? LIMIT ?[0m  [["id", 2], ["LIMIT", 1]]
  [1m[35m (0.2ms)[0m  [1m[36mbegin transaction[0m
  [1m[35mSQL (1.7ms)[0m  [1m[33mUPDATE "products" SET "name" = ?, "updated_at" = ? WHERE "products"."id" = ?[0m  [["name", "behram laptop"], ["updated_at", "2018-04-19 20:03:12.036515"], ["id", 2]]
  [1m[35m (4.6ms)[0m  [1m[36mcommit transaction[0m
Redirected to http://localhost:3000/products/2
Completed 302 Found in 17ms (ActiveRecord: 6.8ms)


Started GET "/products/2" for 127.0.0.1 at 2018-04-19 16:03:12 -0400
Processing by ProductsController#show as HTML
  Parameters: {"id"=>"2"}
  [1m[36mProduct Load (0.3ms)[0m  [1m[34mSELECT  "products".* FROM "products" WHERE "products"."id" = ? LIMIT ?[0m  [["id", 2], ["LIMIT", 1]]
  Rendering products/show.html.erb within layouts/application
  Rendered products/_single_product.html.erb (1.9ms)
  Rendered reviews/_review_form.html.erb (3.5ms)
  [1m[36mReview Load (0.2ms)[0m  [1m[34mSELECT "reviews".* FROM "reviews" WHERE "reviews"."product_id" = ?[0m  [["product_id", 2]]
  Rendered products/show.html.erb within layouts/application (15.7ms)
Completed 200 OK in 72ms (Views: 66.6ms | ActiveRecord: 0.5ms)


Started GET "/products.2" for 127.0.0.1 at 2018-04-19 16:03:17 -0400
Processing by ProductsController#index as 
  Rendering products/index.html.erb within layouts/application
  [1m[36mProduct Load (0.7ms)[0m  [1m[34mSELECT "products".* FROM "products"[0m
  Rendered products/_single_product.html.erb (1.8ms)
  Rendered products/_single_product.html.erb (0.8ms)
  Rendered products/index.html.erb within layouts/application (27.1ms)
Completed 200 OK in 89ms (Views: 79.0ms | ActiveRecord: 0.7ms)


Started GET "/products/2" for 127.0.0.1 at 2018-04-19 16:03:20 -0400
Processing by ProductsController#show as HTML
  Parameters: {"id"=>"2"}
  [1m[36mProduct Load (0.3ms)[0m  [1m[34mSELECT  "products".* FROM "products" WHERE "products"."id" = ? LIMIT ?[0m  [["id", 2], ["LIMIT", 1]]
  Rendering products/show.html.erb within layouts/application
  Rendered products/_single_product.html.erb (3.1ms)
  Rendered reviews/_review_form.html.erb (3.3ms)
  [1m[36mReview Load (0.4ms)[0m  [1m[34mSELECT "reviews".* FROM "reviews" WHERE "reviews"."product_id" = ?[0m  [["product_id", 2]]
  Rendered products/show.html.erb within layouts/application (16.7ms)
Completed 200 OK in 79ms (Views: 74.0ms | ActiveRecord: 0.7ms)


Started POST "/products/2/reviews" for 127.0.0.1 at 2018-04-19 16:03:29 -0400
Processing by ReviewsController#create as HTML
  Parameters: {"utf8"=>"✓", "authenticity_token"=>"r4JYRIExNfGVngvP08/5QC+0xWbPf1Y44kzuSoUY9i8Ly4d/ZgcXJo0UNJiZB17sIEuqEvAWpJbleguydZm2VQ==", "review"=>{"review"=>"test"}, "commit"=>"Save", "product_id"=>"2"}
  [1m[35m (0.2ms)[0m  [1m[36mbegin transaction[0m
  [1m[36mCustomer Load (0.2ms)[0m  [1m[34mSELECT  "customers".* FROM "customers" WHERE "customers"."id" = ? LIMIT ?[0m  [["id", 1], ["LIMIT", 1]]
  [1m[36mProduct Load (0.3ms)[0m  [1m[34mSELECT  "products".* FROM "products" WHERE "products"."id" = ? LIMIT ?[0m  [["id", 2], ["LIMIT", 1]]
  [1m[35m (0.1ms)[0m  [1m[31mrollback transaction[0m
Redirected to http://localhost:3000/products
Completed 302 Found in 11ms (ActiveRecord: 0.9ms)


Started GET "/products" for 127.0.0.1 at 2018-04-19 16:03:29 -0400
Processing by ProductsController#index as HTML
  Rendering products/index.html.erb within layouts/application
  [1m[36mProduct Load (0.5ms)[0m  [1m[34mSELECT "products".* FROM "products"[0m
  Rendered products/_single_product.html.erb (1.9ms)
  Rendered products/_single_product.html.erb (0.7ms)
  Rendered products/index.html.erb within layouts/application (10.9ms)
Completed 200 OK in 81ms (Views: 77.5ms | ActiveRecord: 0.5ms)


Started GET "/products/new" for 127.0.0.1 at 2018-04-19 16:05:35 -0400
Processing by ProductsController#new as HTML
  Rendering products/new.html.erb within layouts/application
  Rendered products/_product_form.html.erb (9.7ms)
  Rendered products/new.html.erb within layouts/application (13.7ms)
Completed 200 OK in 78ms (Views: 74.9ms | ActiveRecord: 0.0ms)


Started GET "/products" for 127.0.0.1 at 2018-04-19 16:05:41 -0400
Processing by ProductsController#index as HTML
  Rendering products/index.html.erb within layouts/application
  [1m[36mProduct Load (0.6ms)[0m  [1m[34mSELECT "products".* FROM "products"[0m
  Rendered products/_single_product.html.erb (2.4ms)
  Rendered products/_single_product.html.erb (0.9ms)
  Rendered products/index.html.erb within layouts/application (11.9ms)
Completed 200 OK in 78ms (Views: 73.9ms | ActiveRecord: 0.6ms)


Started GET "/products/2" for 127.0.0.1 at 2018-04-19 16:05:43 -0400
Processing by ProductsController#show as HTML
  Parameters: {"id"=>"2"}
  [1m[36mProduct Load (0.4ms)[0m  [1m[34mSELECT  "products".* FROM "products" WHERE "products"."id" = ? LIMIT ?[0m  [["id", 2], ["LIMIT", 1]]
  Rendering products/show.html.erb within layouts/application
  Rendered products/_single_product.html.erb (1.9ms)
  Rendered reviews/_review_form.html.erb (3.5ms)
  [1m[36mReview Load (0.2ms)[0m  [1m[34mSELECT "reviews".* FROM "reviews" WHERE "reviews"."product_id" = ?[0m  [["product_id", 2]]
  Rendered products/show.html.erb within layouts/application (16.1ms)
Completed 200 OK in 75ms (Views: 69.7ms | ActiveRecord: 0.6ms)


Started GET "/products.2" for 127.0.0.1 at 2018-04-19 16:05:46 -0400
Processing by ProductsController#index as 
  Rendering products/index.html.erb within layouts/application
  [1m[36mProduct Load (0.4ms)[0m  [1m[34mSELECT "products".* FROM "products"[0m
  Rendered products/_single_product.html.erb (3.6ms)
  Rendered products/_single_product.html.erb (0.8ms)
  Rendered products/index.html.erb within layouts/application (28.0ms)
Completed 200 OK in 98ms (Views: 86.0ms | ActiveRecord: 0.4ms)


Started GET "/products/1" for 127.0.0.1 at 2018-04-19 16:06:09 -0400
Processing by ProductsController#show as HTML
  Parameters: {"id"=>"1"}
  [1m[36mProduct Load (0.3ms)[0m  [1m[34mSELECT  "products".* FROM "products" WHERE "products"."id" = ? LIMIT ?[0m  [["id", 1], ["LIMIT", 1]]
  Rendering products/show.html.erb within layouts/application
  Rendered products/_single_product.html.erb (2.1ms)
  Rendered reviews/_review_form.html.erb (3.5ms)
  [1m[36mReview Load (0.2ms)[0m  [1m[34mSELECT "reviews".* FROM "reviews" WHERE "reviews"."product_id" = ?[0m  [["product_id", 1]]
  Rendered products/show.html.erb within layouts/application (16.2ms)
Completed 200 OK in 76ms (Views: 71.9ms | ActiveRecord: 0.6ms)


Started POST "/products/1/reviews" for 127.0.0.1 at 2018-04-19 16:06:14 -0400
Processing by ReviewsController#create as HTML
  Parameters: {"utf8"=>"✓", "authenticity_token"=>"sGrTgerudy7t24L248hc6mCTiMGbXUfOnNpDdB7bUEtaDfGXQHthuzwrispqGU9PbPphE8wINsyRFbUo6jh/2Q==", "review"=>{"review"=>"test"}, "commit"=>"Save", "product_id"=>"1"}
  [1m[35m (0.2ms)[0m  [1m[36mbegin transaction[0m
  [1m[36mCustomer Load (0.3ms)[0m  [1m[34mSELECT  "customers".* FROM "customers" WHERE "customers"."id" = ? LIMIT ?[0m  [["id", 1], ["LIMIT", 1]]
  [1m[36mProduct Load (0.2ms)[0m  [1m[34mSELECT  "products".* FROM "products" WHERE "products"."id" = ? LIMIT ?[0m  [["id", 1], ["LIMIT", 1]]
  [1m[35m (0.1ms)[0m  [1m[31mrollback transaction[0m
Redirected to http://localhost:3000/products
Completed 302 Found in 10ms (ActiveRecord: 0.8ms)


Started GET "/products" for 127.0.0.1 at 2018-04-19 16:06:14 -0400
Processing by ProductsController#index as HTML
  Rendering products/index.html.erb within layouts/application
  [1m[36mProduct Load (0.7ms)[0m  [1m[34mSELECT "products".* FROM "products"[0m
  Rendered products/_single_product.html.erb (2.3ms)
  Rendered products/_single_product.html.erb (0.7ms)
  Rendered products/index.html.erb within layouts/application (10.3ms)
Completed 200 OK in 75ms (Views: 71.2ms | ActiveRecord: 0.7ms)


Started GET "/products/1" for 127.0.0.1 at 2018-04-19 16:06:19 -0400
Processing by ProductsController#show as HTML
  Parameters: {"id"=>"1"}
  [1m[36mProduct Load (0.3ms)[0m  [1m[34mSELECT  "products".* FROM "products" WHERE "products"."id" = ? LIMIT ?[0m  [["id", 1], ["LIMIT", 1]]
  Rendering products/show.html.erb within layouts/application
  Rendered products/_single_product.html.erb (2.2ms)
  Rendered reviews/_review_form.html.erb (3.1ms)
  [1m[36mReview Load (0.2ms)[0m  [1m[34mSELECT "reviews".* FROM "reviews" WHERE "reviews"."product_id" = ?[0m  [["product_id", 1]]
  Rendered products/show.html.erb within layouts/application (15.4ms)
Completed 200 OK in 79ms (Views: 74.4ms | ActiveRecord: 0.5ms)


Started GET "/products.1" for 127.0.0.1 at 2018-04-19 16:06:46 -0400
Processing by ProductsController#index as 
  Rendering products/index.html.erb within layouts/application
  [1m[36mProduct Load (0.8ms)[0m  [1m[34mSELECT "products".* FROM "products"[0m
  Rendered products/_single_product.html.erb (2.1ms)
  Rendered products/_single_product.html.erb (0.7ms)
  Rendered products/index.html.erb within layouts/application (26.6ms)
Completed 200 OK in 89ms (Views: 77.5ms | ActiveRecord: 0.8ms)


Started GET "/products/1" for 127.0.0.1 at 2018-04-19 16:06:47 -0400
Processing by ProductsController#show as HTML
  Parameters: {"id"=>"1"}
  [1m[36mProduct Load (0.4ms)[0m  [1m[34mSELECT  "products".* FROM "products" WHERE "products"."id" = ? LIMIT ?[0m  [["id", 1], ["LIMIT", 1]]
  Rendering products/show.html.erb within layouts/application
  Rendered products/_single_product.html.erb (2.0ms)
  Rendered reviews/_review_form.html.erb (3.7ms)
  [1m[36mReview Load (0.3ms)[0m  [1m[34mSELECT "reviews".* FROM "reviews" WHERE "reviews"."product_id" = ?[0m  [["product_id", 1]]
  Rendered products/show.html.erb within layouts/application (16.1ms)
Completed 200 OK in 72ms (Views: 67.2ms | ActiveRecord: 0.6ms)


Started GET "/" for 127.0.0.1 at 2018-04-19 16:08:35 -0400
  [1m[35m (0.2ms)[0m  [1m[34mSELECT "schema_migrations"."version" FROM "schema_migrations" ORDER BY "schema_migrations"."version" ASC[0m
Processing by ProductsController#index as HTML
  Rendering products/index.html.erb within layouts/application
  [1m[36mProduct Load (0.2ms)[0m  [1m[34mSELECT "products".* FROM "products"[0m
  Rendered products/_single_product.html.erb (2.0ms)
  Rendered products/_single_product.html.erb (0.4ms)
  Rendered products/index.html.erb within layouts/application (17.3ms)
Completed 200 OK in 226ms (Views: 207.3ms | ActiveRecord: 0.9ms)


Started GET "/products/1" for 127.0.0.1 at 2018-04-19 16:08:38 -0400
Processing by ProductsController#show as HTML
  Parameters: {"id"=>"1"}
  [1m[36mProduct Load (0.7ms)[0m  [1m[34mSELECT  "products".* FROM "products" WHERE "products"."id" = ? LIMIT ?[0m  [["id", 1], ["LIMIT", 1]]
  Rendering products/show.html.erb within layouts/application
  Rendered products/_single_product.html.erb (1.7ms)
  Rendered reviews/_review_form.html.erb (25.8ms)
  [1m[36mReview Load (0.4ms)[0m  [1m[34mSELECT "reviews".* FROM "reviews" WHERE "reviews"."product_id" = ?[0m  [["product_id", 1]]
  Rendered products/show.html.erb within layouts/application (44.2ms)
Completed 200 OK in 138ms (Views: 74.4ms | ActiveRecord: 4.0ms)


Started POST "/products/1/reviews" for 127.0.0.1 at 2018-04-19 16:08:42 -0400
Processing by ReviewsController#create as HTML
  Parameters: {"utf8"=>"✓", "authenticity_token"=>"a5HmiFRtC6NU5SysaXN83U/+FoRPv9cQMoLQjVW1IIKB9sSe/vgdNoUVJJDgom94Q5f/VhjqphI/TSbRoVYPEA==", "review"=>{"review"=>"test"}, "commit"=>"Save", "product_id"=>"1"}
  [1m[35m (0.3ms)[0m  [1m[36mbegin transaction[0m
  [1m[36mCustomer Load (0.4ms)[0m  [1m[34mSELECT  "customers".* FROM "customers" WHERE "customers"."id" = ? LIMIT ?[0m  [["id", 1], ["LIMIT", 1]]
  [1m[36mProduct Load (0.3ms)[0m  [1m[34mSELECT  "products".* FROM "products" WHERE "products"."id" = ? LIMIT ?[0m  [["id", 1], ["LIMIT", 1]]
  [1m[35m (0.1ms)[0m  [1m[31mrollback transaction[0m
Redirected to http://localhost:3000/products
Completed 302 Found in 35ms (ActiveRecord: 2.7ms)


Started GET "/products" for 127.0.0.1 at 2018-04-19 16:08:42 -0400
Processing by ProductsController#index as HTML
  Rendering products/index.html.erb within layouts/application
  [1m[36mProduct Load (0.5ms)[0m  [1m[34mSELECT "products".* FROM "products"[0m
  Rendered products/_single_product.html.erb (1.9ms)
  Rendered products/_single_product.html.erb (0.7ms)
  Rendered products/index.html.erb within layouts/application (10.3ms)
Completed 200 OK in 89ms (Views: 85.7ms | ActiveRecord: 0.5ms)


  [1m[36mReview Load (2.7ms)[0m  [1m[34mSELECT  "reviews".* FROM "reviews" LIMIT ?[0m  [["LIMIT", 11]]
  [1m[36mCustomer Load (0.5ms)[0m  [1m[34mSELECT  "customers".* FROM "customers" LIMIT ?[0m  [["LIMIT", 11]]
  [1m[36mCustomer Load (2.7ms)[0m  [1m[34mSELECT  "customers".* FROM "customers" LIMIT ?[0m  [["LIMIT", 11]]
  [1m[35m (0.2ms)[0m  [1m[36mbegin transaction[0m
  [1m[35mSQL (0.5ms)[0m  [1m[32mINSERT INTO "customers" ("name", "address", "created_at", "updated_at") VALUES (?, ?, ?, ?)[0m  [["name", "bob"], ["address", "toronto"], ["created_at", "2018-04-19 20:11:20.779663"], ["updated_at", "2018-04-19 20:11:20.779663"]]
  [1m[35m (7.2ms)[0m  [1m[36mcommit transaction[0m
Started GET "/" for 127.0.0.1 at 2018-04-19 16:11:57 -0400
  [1m[35m (0.2ms)[0m  [1m[34mSELECT "schema_migrations"."version" FROM "schema_migrations" ORDER BY "schema_migrations"."version" ASC[0m
Processing by ProductsController#index as HTML
  Rendering products/index.html.erb within layouts/application
  [1m[36mProduct Load (0.2ms)[0m  [1m[34mSELECT "products".* FROM "products"[0m
  Rendered products/_single_product.html.erb (1.1ms)
  Rendered products/_single_product.html.erb (0.7ms)
  Rendered products/index.html.erb within layouts/application (16.6ms)
Completed 200 OK in 238ms (Views: 221.7ms | ActiveRecord: 1.0ms)


Started GET "/products/1" for 127.0.0.1 at 2018-04-19 16:11:58 -0400
Processing by ProductsController#show as HTML
  Parameters: {"id"=>"1"}
  [1m[36mProduct Load (0.8ms)[0m  [1m[34mSELECT  "products".* FROM "products" WHERE "products"."id" = ? LIMIT ?[0m  [["id", 1], ["LIMIT", 1]]
  Rendering products/show.html.erb within layouts/application
  Rendered products/_single_product.html.erb (2.6ms)
  Rendered reviews/_review_form.html.erb (24.3ms)
  [1m[36mReview Load (0.3ms)[0m  [1m[34mSELECT "reviews".* FROM "reviews" WHERE "reviews"."product_id" = ?[0m  [["product_id", 1]]
  Rendered products/show.html.erb within layouts/application (43.7ms)
Completed 200 OK in 139ms (Views: 65.5ms | ActiveRecord: 5.5ms)


Started POST "/products/1/reviews" for 127.0.0.1 at 2018-04-19 16:12:04 -0400
Processing by ReviewsController#create as HTML
  Parameters: {"utf8"=>"✓", "authenticity_token"=>"9oGXcf95cwxVn92lFjlu7E6HIZgfiA7f69ruWll6O9Ec5rVnVexlmYRv1Zmf6H1JQu7ISkjdf93mFRgGrZkUQw==", "review"=>{"review"=>"test review"}, "commit"=>"Save", "product_id"=>"1"}
  [1m[35m (0.3ms)[0m  [1m[36mbegin transaction[0m
  [1m[36mCustomer Load (0.3ms)[0m  [1m[34mSELECT  "customers".* FROM "customers" WHERE "customers"."id" = ? LIMIT ?[0m  [["id", 1], ["LIMIT", 1]]
  [1m[36mProduct Load (0.2ms)[0m  [1m[34mSELECT  "products".* FROM "products" WHERE "products"."id" = ? LIMIT ?[0m  [["id", 1], ["LIMIT", 1]]
  [1m[35mSQL (0.9ms)[0m  [1m[32mINSERT INTO "reviews" ("customer_id", "product_id", "review", "created_at", "updated_at") VALUES (?, ?, ?, ?, ?)[0m  [["customer_id", 1], ["product_id", 1], ["review", "test review"], ["created_at", "2018-04-19 20:12:04.947429"], ["updated_at", "2018-04-19 20:12:04.947429"]]
  [1m[35m (4.7ms)[0m  [1m[36mcommit transaction[0m
Redirected to http://localhost:3000/products/1
Completed 302 Found in 112ms (ActiveRecord: 7.8ms)


Started GET "/products/1" for 127.0.0.1 at 2018-04-19 16:12:05 -0400
Processing by ProductsController#show as HTML
  Parameters: {"id"=>"1"}
  [1m[36mProduct Load (0.3ms)[0m  [1m[34mSELECT  "products".* FROM "products" WHERE "products"."id" = ? LIMIT ?[0m  [["id", 1], ["LIMIT", 1]]
  Rendering products/show.html.erb within layouts/application
  Rendered products/_single_product.html.erb (1.3ms)
  Rendered reviews/_review_form.html.erb (4.8ms)
  [1m[36mReview Load (0.2ms)[0m  [1m[34mSELECT "reviews".* FROM "reviews" WHERE "reviews"."product_id" = ?[0m  [["product_id", 1]]
  [1m[36mCustomer Load (0.2ms)[0m  [1m[34mSELECT  "customers".* FROM "customers" WHERE "customers"."id" = ? LIMIT ?[0m  [["id", 1], ["LIMIT", 1]]
  Rendered products/show.html.erb within layouts/application (15.7ms)
Completed 200 OK in 58ms (Views: 53.3ms | ActiveRecord: 0.6ms)


Started GET "/products.1" for 127.0.0.1 at 2018-04-19 16:13:27 -0400
Processing by ProductsController#index as 
  Rendering products/index.html.erb within layouts/application
  [1m[36mProduct Load (0.3ms)[0m  [1m[34mSELECT "products".* FROM "products"[0m
  Rendered products/_single_product.html.erb (2.7ms)
  Rendered products/_single_product.html.erb (0.9ms)
  Rendered products/index.html.erb within layouts/application (27.0ms)
Completed 200 OK in 93ms (Views: 81.4ms | ActiveRecord: 0.3ms)


Started GET "/products/1" for 127.0.0.1 at 2018-04-19 16:13:29 -0400
Processing by ProductsController#show as HTML
  Parameters: {"id"=>"1"}
  [1m[36mProduct Load (0.5ms)[0m  [1m[34mSELECT  "products".* FROM "products" WHERE "products"."id" = ? LIMIT ?[0m  [["id", 1], ["LIMIT", 1]]
  Rendering products/show.html.erb within layouts/application
  Rendered products/_single_product.html.erb (1.9ms)
  Rendered reviews/_review_form.html.erb (5.4ms)
  [1m[36mReview Load (0.6ms)[0m  [1m[34mSELECT "reviews".* FROM "reviews" WHERE "reviews"."product_id" = ?[0m  [["product_id", 1]]
  [1m[36mCustomer Load (0.6ms)[0m  [1m[34mSELECT  "customers".* FROM "customers" WHERE "customers"."id" = ? LIMIT ?[0m  [["id", 1], ["LIMIT", 1]]
  Rendered products/show.html.erb within layouts/application (23.3ms)
Completed 200 OK in 98ms (Views: 92.5ms | ActiveRecord: 1.6ms)


Started GET "/products.1" for 127.0.0.1 at 2018-04-19 16:13:31 -0400
Processing by ProductsController#index as 
  Rendering products/index.html.erb within layouts/application
  [1m[36mProduct Load (1.6ms)[0m  [1m[34mSELECT "products".* FROM "products"[0m
  Rendered products/_single_product.html.erb (3.8ms)
  Rendered products/_single_product.html.erb (1.6ms)
  Rendered products/index.html.erb within layouts/application (31.8ms)
Completed 200 OK in 130ms (Views: 117.0ms | ActiveRecord: 1.6ms)


Started GET "/products/2" for 127.0.0.1 at 2018-04-19 16:13:35 -0400
Processing by ProductsController#show as HTML
  Parameters: {"id"=>"2"}
  [1m[36mProduct Load (0.3ms)[0m  [1m[34mSELECT  "products".* FROM "products" WHERE "products"."id" = ? LIMIT ?[0m  [["id", 2], ["LIMIT", 1]]
  Rendering products/show.html.erb within layouts/application
  Rendered products/_single_product.html.erb (1.9ms)
  Rendered reviews/_review_form.html.erb (3.9ms)
  [1m[36mReview Load (0.5ms)[0m  [1m[34mSELECT "reviews".* FROM "reviews" WHERE "reviews"."product_id" = ?[0m  [["product_id", 2]]
  Rendered products/show.html.erb within layouts/application (19.6ms)
Completed 200 OK in 114ms (Views: 107.9ms | ActiveRecord: 0.8ms)


Started GET "/products.1" for 127.0.0.1 at 2018-04-19 16:13:41 -0400
Processing by ProductsController#index as 
  Rendering products/index.html.erb within layouts/application
  [1m[36mProduct Load (0.5ms)[0m  [1m[34mSELECT "products".* FROM "products"[0m
  Rendered products/_single_product.html.erb (4.8ms)
  Rendered products/_single_product.html.erb (0.6ms)
  Rendered products/index.html.erb within layouts/application (30.3ms)
Completed 200 OK in 108ms (Views: 96.8ms | ActiveRecord: 0.5ms)


Started GET "/" for 127.0.0.1 at 2018-04-19 16:23:06 -0400
  [1m[35m (0.3ms)[0m  [1m[34mSELECT "schema_migrations"."version" FROM "schema_migrations" ORDER BY "schema_migrations"."version" ASC[0m
  
ActionController::RoutingError (undefined method `product_id' for nil:NilClass):
  
app/controllers/products_controller.rb:43:in `<class:ProductsController>'
app/controllers/products_controller.rb:1:in `<top (required)>'
Started GET "/" for 127.0.0.1 at 2018-04-19 16:34:05 -0400
  [1m[35m (0.2ms)[0m  [1m[34mSELECT "schema_migrations"."version" FROM "schema_migrations" ORDER BY "schema_migrations"."version" ASC[0m
  
ActionController::RoutingError (undefined method `product_id' for nil:NilClass):
  
app/controllers/products_controller.rb:43:in `<class:ProductsController>'
app/controllers/products_controller.rb:1:in `<top (required)>'
Started GET "/" for 127.0.0.1 at 2018-04-19 16:34:12 -0400
  
ActionController::RoutingError (undefined method `product_id' for nil:NilClass):
  
app/controllers/products_controller.rb:43:in `<class:ProductsController>'
app/controllers/products_controller.rb:1:in `<top (required)>'
Started GET "/" for 127.0.0.1 at 2018-04-19 16:34:12 -0400
  
ActionController::RoutingError (undefined method `product_id' for nil:NilClass):
  
app/controllers/products_controller.rb:43:in `<class:ProductsController>'
app/controllers/products_controller.rb:1:in `<top (required)>'
Started GET "/" for 127.0.0.1 at 2018-04-19 16:34:34 -0400
  [1m[35m (0.4ms)[0m  [1m[34mSELECT "schema_migrations"."version" FROM "schema_migrations" ORDER BY "schema_migrations"."version" ASC[0m
  
ActionController::RoutingError (undefined method `product_id' for nil:NilClass):
  
app/controllers/products_controller.rb:43:in `<class:ProductsController>'
app/controllers/products_controller.rb:1:in `<top (required)>'
Started GET "/" for 127.0.0.1 at 2018-04-19 16:35:19 -0400
  [1m[35m (0.2ms)[0m  [1m[34mSELECT "schema_migrations"."version" FROM "schema_migrations" ORDER BY "schema_migrations"."version" ASC[0m
  
ActionController::RoutingError (undefined method `product_id' for nil:NilClass):
  
app/controllers/products_controller.rb:43:in `<class:ProductsController>'
app/controllers/products_controller.rb:1:in `<top (required)>'
Started GET "/" for 127.0.0.1 at 2018-04-19 16:35:22 -0400
  
ActionController::RoutingError (undefined method `product_id' for nil:NilClass):
  
app/controllers/products_controller.rb:43:in `<class:ProductsController>'
app/controllers/products_controller.rb:1:in `<top (required)>'
  [1m[35m (0.1ms)[0m  [1m[34mSELECT "schema_migrations"."version" FROM "schema_migrations" ORDER BY "schema_migrations"."version" ASC[0m
Started GET "/" for 127.0.0.1 at 2018-04-19 16:35:58 -0400
  [1m[35m (0.2ms)[0m  [1m[34mSELECT "schema_migrations"."version" FROM "schema_migrations" ORDER BY "schema_migrations"."version" ASC[0m
  
ActionController::RoutingError (undefined method `product_id' for nil:NilClass):
  
app/controllers/products_controller.rb:43:in `<class:ProductsController>'
app/controllers/products_controller.rb:1:in `<top (required)>'
  [1m[36mProduct Load (2.3ms)[0m  [1m[34mSELECT  "products".* FROM "products" LIMIT ?[0m  [["LIMIT", 11]]
Started GET "/" for 127.0.0.1 at 2018-04-19 16:38:22 -0400
  [1m[35m (0.2ms)[0m  [1m[34mSELECT "schema_migrations"."version" FROM "schema_migrations" ORDER BY "schema_migrations"."version" ASC[0m
Processing by ProductsController#index as HTML
  Rendering products/index.html.erb within layouts/application
  [1m[36mProduct Load (0.2ms)[0m  [1m[34mSELECT "products".* FROM "products"[0m
  Rendered products/_single_product.html.erb (1.0ms)
  Rendered products/_single_product.html.erb (0.3ms)
  Rendered products/index.html.erb within layouts/application (15.6ms)
Completed 200 OK in 231ms (Views: 214.4ms | ActiveRecord: 0.9ms)


